0 info it worked if it ends with ok
1 verbose cli [ '/usr/bin/nodejs', '/usr/bin/npm', 'install', '-g', 'csslint' ]
2 info using npm@2.14.7
3 info using node@v4.2.3
4 verbose install initial load of /usr/lib/package.json
5 verbose readDependencies loading dependencies from /usr/lib/package.json
6 silly cache add args [ 'csslint', null ]
7 verbose cache add spec csslint
8 silly cache add parsed spec Result {
8 silly cache add   raw: 'csslint',
8 silly cache add   scope: null,
8 silly cache add   name: 'csslint',
8 silly cache add   rawSpec: '',
8 silly cache add   spec: '*',
8 silly cache add   type: 'range' }
9 silly addNamed csslint@*
10 verbose addNamed "*" is a valid semver range for csslint
11 silly addNameRange { name: 'csslint', range: '*', hasData: false }
12 silly mapToRegistry name csslint
13 silly mapToRegistry using default registry
14 silly mapToRegistry registry https://registry.npmjs.org/
15 silly mapToRegistry uri https://registry.npmjs.org/csslint
16 verbose addNameRange registry:https://registry.npmjs.org/csslint not in flight; fetching
17 verbose request uri https://registry.npmjs.org/csslint
18 verbose request no auth needed
19 info attempt registry request try #1 at 2:59:21 PM
20 verbose request id 41c2720467c6ac70
21 http request GET https://registry.npmjs.org/csslint
22 http 200 https://registry.npmjs.org/csslint
23 verbose headers { server: 'CouchDB/1.5.0 (Erlang OTP/R16B03)',
23 verbose headers   etag: '"CHZJYTKWCFI6EXCUXWJQ8HFTB"',
23 verbose headers   'content-type': 'application/json',
23 verbose headers   'cache-control': 'max-age=60',
23 verbose headers   'content-length': '23363',
23 verbose headers   'accept-ranges': 'bytes',
23 verbose headers   date: 'Sun, 06 Dec 2015 13:59:24 GMT',
23 verbose headers   via: '1.1 varnish',
23 verbose headers   age: '8',
23 verbose headers   connection: 'keep-alive',
23 verbose headers   'x-served-by': 'cache-ams4137-AMS',
23 verbose headers   'x-cache': 'HIT',
23 verbose headers   'x-cache-hits': '1',
23 verbose headers   'x-timer': 'S1449410364.825668,VS0,VE0',
23 verbose headers   vary: 'Accept' }
24 silly get cb [ 200,
24 silly get   { server: 'CouchDB/1.5.0 (Erlang OTP/R16B03)',
24 silly get     etag: '"CHZJYTKWCFI6EXCUXWJQ8HFTB"',
24 silly get     'content-type': 'application/json',
24 silly get     'cache-control': 'max-age=60',
24 silly get     'content-length': '23363',
24 silly get     'accept-ranges': 'bytes',
24 silly get     date: 'Sun, 06 Dec 2015 13:59:24 GMT',
24 silly get     via: '1.1 varnish',
24 silly get     age: '8',
24 silly get     connection: 'keep-alive',
24 silly get     'x-served-by': 'cache-ams4137-AMS',
24 silly get     'x-cache': 'HIT',
24 silly get     'x-cache-hits': '1',
24 silly get     'x-timer': 'S1449410364.825668,VS0,VE0',
24 silly get     vary: 'Accept' } ]
25 verbose get saving csslint to /home/george/.npm/registry.npmjs.org/csslint/.cache.json
26 silly addNameRange number 2 { name: 'csslint', range: '*', hasData: true }
27 silly addNameRange versions [ 'csslint',
27 silly addNameRange   [ '0.1.0',
27 silly addNameRange     '0.2.0',
27 silly addNameRange     '0.3.0',
27 silly addNameRange     '0.3.1',
27 silly addNameRange     '0.3.2',
27 silly addNameRange     '0.4.0',
27 silly addNameRange     '0.5.0',
27 silly addNameRange     '0.6.0',
27 silly addNameRange     '0.6.1',
27 silly addNameRange     '0.7.0',
27 silly addNameRange     '0.8.0',
27 silly addNameRange     '0.8.1',
27 silly addNameRange     '0.8.5',
27 silly addNameRange     '0.9.0',
27 silly addNameRange     '0.9.1',
27 silly addNameRange     '0.9.2',
27 silly addNameRange     '0.9.5',
27 silly addNameRange     '0.9.6',
27 silly addNameRange     '0.9.7',
27 silly addNameRange     '0.9.8',
27 silly addNameRange     '0.9.9',
27 silly addNameRange     '0.9.10',
27 silly addNameRange     '0.10.0' ] ]
28 silly addNamed csslint@0.10.0
29 verbose addNamed "0.10.0" is a plain semver version for csslint
30 silly mapToRegistry name csslint
31 silly mapToRegistry using default registry
32 silly mapToRegistry registry https://registry.npmjs.org/
33 silly mapToRegistry uri https://registry.npmjs.org/csslint
34 verbose addRemoteTarball https://registry.npmjs.org/csslint/-/csslint-0.10.0.tgz not in flight; adding
35 verbose addRemoteTarball [ 'https://registry.npmjs.org/csslint/-/csslint-0.10.0.tgz',
35 verbose addRemoteTarball   '3a6a04e7565c8e9d19beb49767c7ec96e8365805' ]
36 info retry fetch attempt 1 at 2:59:25 PM
37 info attempt registry request try #1 at 2:59:25 PM
38 http fetch GET https://registry.npmjs.org/csslint/-/csslint-0.10.0.tgz
39 http fetch 200 https://registry.npmjs.org/csslint/-/csslint-0.10.0.tgz
40 silly fetchAndShaCheck shasum 3a6a04e7565c8e9d19beb49767c7ec96e8365805
41 verbose addTmpTarball /tmp/npm-5460-b604824e/registry.npmjs.org/csslint/-/csslint-0.10.0.tgz not in flight; adding
42 verbose addTmpTarball already have metadata; skipping unpack for csslint@0.10.0
43 silly cache afterAdd csslint@0.10.0
44 verbose afterAdd /home/george/.npm/csslint/0.10.0/package/package.json not in flight; writing
45 verbose afterAdd /home/george/.npm/csslint/0.10.0/package/package.json written
46 silly install resolved [ { name: 'csslint',
46 silly install resolved     version: '0.10.0',
46 silly install resolved     description: 'CSSLint',
46 silly install resolved     author: { name: 'Nicole Sullivan' },
46 silly install resolved     contributors: [ [Object] ],
46 silly install resolved     engines: { node: '>=0.8.0' },
46 silly install resolved     directories: { lib: 'lib' },
46 silly install resolved     main: './lib/csslint-node.js',
46 silly install resolved     bin: { csslint: './cli.js' },
46 silly install resolved     scripts: { test: 'grunt test' },
46 silly install resolved     licenses: [ [Object] ],
46 silly install resolved     bugs: { url: 'https://github.com/stubbornella/csslint/issues' },
46 silly install resolved     repository:
46 silly install resolved      { type: 'git',
46 silly install resolved        url: 'https://github.com/stubbornella/csslint.git' },
46 silly install resolved     dependencies: { parserlib: '~0.2.2' },
46 silly install resolved     devDependencies:
46 silly install resolved      { grunt: '~0.4.1',
46 silly install resolved        'grunt-contrib-jshint': '~0.5.4',
46 silly install resolved        'grunt-contrib-concat': '~0.3.0',
46 silly install resolved        'grunt-contrib-watch': '~0.4.4',
46 silly install resolved        yuitest: '~0.7.9',
46 silly install resolved        'grunt-contrib-clean': '~0.4.1',
46 silly install resolved        'grunt-contrib-copy': '~0.4.1',
46 silly install resolved        'grunt-include-replace': '~0.4.0' },
46 silly install resolved     _id: 'csslint@0.10.0',
46 silly install resolved     dist:
46 silly install resolved      { shasum: '3a6a04e7565c8e9d19beb49767c7ec96e8365805',
46 silly install resolved        tarball: 'http://registry.npmjs.org/csslint/-/csslint-0.10.0.tgz' },
46 silly install resolved     _from: 'csslint@*',
46 silly install resolved     _npmVersion: '1.2.32',
46 silly install resolved     _npmUser: { name: 'stubbornella', email: 'nicole@stubbornella.org' },
46 silly install resolved     maintainers: [ [Object], [Object] ],
46 silly install resolved     _shasum: '3a6a04e7565c8e9d19beb49767c7ec96e8365805',
46 silly install resolved     _resolved: 'https://registry.npmjs.org/csslint/-/csslint-0.10.0.tgz' } ]
47 info install csslint@0.10.0 into /usr/lib
48 info installOne csslint@0.10.0
49 verbose installOne of csslint to /usr/lib not in flight; installing
50 verbose lock using /home/george/.npm/_locks/csslint-7302247a16b47a1c.lock for /usr/lib/node_modules/csslint
51 silly install write writing csslint 0.10.0 to /usr/lib/node_modules/csslint
52 verbose unbuild lib/node_modules/csslint
53 silly gentlyRm /usr/lib/node_modules/csslint is being purged from base /usr
54 verbose gentlyRm don't care about contents; nuking /usr/lib/node_modules/csslint
55 verbose tar unpack /home/george/.npm/csslint/0.10.0/package.tgz
56 verbose tar unpacking to /usr/lib/node_modules/csslint
57 silly gentlyRm /usr/lib/node_modules/csslint is being purged
58 verbose gentlyRm don't care about contents; nuking /usr/lib/node_modules/csslint
59 silly gunzTarPerm modes [ '775', '664' ]
60 error tar.unpack untar error /home/george/.npm/csslint/0.10.0/package.tgz
61 verbose unlock done using /home/george/.npm/_locks/csslint-7302247a16b47a1c.lock for /usr/lib/node_modules/csslint
62 verbose fstream_path /usr/lib/node_modules/csslint
63 verbose fstream_type Directory
64 verbose fstream_class DirWriter
65 verbose stack Error: EACCES: permission denied, mkdir '/usr/lib/node_modules/csslint'
65 verbose stack     at Error (native)
66 verbose fstream_stack /usr/lib/node_modules/npm/node_modules/fstream/lib/dir-writer.js:35:25
66 verbose fstream_stack /usr/lib/node_modules/npm/node_modules/mkdirp/index.js:47:53
66 verbose fstream_stack FSReqWrap.oncomplete (fs.js:82:15)
67 verbose cwd /var/www/html/task-list
68 error Linux 3.19.0-32-generic
69 error argv "/usr/bin/nodejs" "/usr/bin/npm" "install" "-g" "csslint"
70 error node v4.2.3
71 error npm  v2.14.7
72 error path /usr/lib/node_modules/csslint
73 error code EACCES
74 error errno -13
75 error syscall mkdir
76 error Error: EACCES: permission denied, mkdir '/usr/lib/node_modules/csslint'
76 error     at Error (native)
76 error  { [Error: EACCES: permission denied, mkdir '/usr/lib/node_modules/csslint']
76 error   errno: -13,
76 error   code: 'EACCES',
76 error   syscall: 'mkdir',
76 error   path: '/usr/lib/node_modules/csslint',
76 error   fstream_type: 'Directory',
76 error   fstream_path: '/usr/lib/node_modules/csslint',
76 error   fstream_class: 'DirWriter',
76 error   fstream_stack:
76 error    [ '/usr/lib/node_modules/npm/node_modules/fstream/lib/dir-writer.js:35:25',
76 error      '/usr/lib/node_modules/npm/node_modules/mkdirp/index.js:47:53',
76 error      'FSReqWrap.oncomplete (fs.js:82:15)' ] }
77 error Please try running this command again as root/Administrator.
78 verbose exit [ -13, true ]
79 verbose unbuild lib/node_modules/csslint
80 silly gentlyRm /usr/lib/node_modules/csslint is being purged from base /usr
81 verbose gentlyRm don't care about contents; nuking /usr/lib/node_modules/csslint
